<?xml version="1.0" encoding="utf-8"?>
<CoverageSession xmlns:xsi="http://www.w3.org/2001/XMLSchema-instance" xmlns:xsd="http://www.w3.org/2001/XMLSchema">
    <Summary numSequencePoints="1" visitedSequencePoints="1" numBranchPoints="1" visitedBranchPoints="1" sequenceCoverage="100" branchCoverage="100" maxCyclomaticComplexity="1" minCyclomaticComplexity="1" />
    <Modules>
        <Module skippedDueTo="Filter" hash="2C-B8-8B-0E-27-14-38-8E-71-A5-1D-A0-EE-33-D9-22-5F-A4-AF-79">
            <FullName>C:\Windows\Microsoft.Net\assembly\GAC_MSIL\System.Xml\v4.0_4.0.0.0__b77a5c561934e089\System.Xml.dll</FullName>
            <ModuleName>System.Xml</ModuleName>
            <Classes />
        </Module>
        <Module hash="00-E1-88-FB-D8-24-FF-C7-7D-2E-F0-DB-AB-41-5B-73-BF-5A-A5-18">
            <Summary numSequencePoints="1" visitedSequencePoints="1" numBranchPoints="1" visitedBranchPoints="1" sequenceCoverage="100" branchCoverage="100" maxCyclomaticComplexity="1" minCyclomaticComplexity="1" />
            <FullName>C:\Users\Mark\Documents\Visual Studio 2013\Projects\OpenCoverTesting\TestProject\bin\debug\OpenCoverTesting.dll</FullName>
            <ModuleName>OpenCoverTesting</ModuleName>
            <Files>
                <File uid="1" fullPath="c:\Users\Mark\Documents\Visual Studio 2013\Projects\OpenCoverTesting\OpenCoverTesting\Class1.cs" />
            </Files>
            <Classes>
                <Class>
                    <Summary numSequencePoints="0" visitedSequencePoints="0" numBranchPoints="0" visitedBranchPoints="0" sequenceCoverage="0" branchCoverage="0" maxCyclomaticComplexity="0" minCyclomaticComplexity="0" />
                    <FullName>&lt;Module&gt;</FullName>
                    <Methods />
                </Class>
                <Class>
                    <Summary numSequencePoints="1" visitedSequencePoints="1" numBranchPoints="1" visitedBranchPoints="1" sequenceCoverage="100" branchCoverage="100" maxCyclomaticComplexity="1" minCyclomaticComplexity="1" />
                    <FullName>OpenCoverTesting.Class1</FullName>
                    <Methods>
                        <Method visited="false" cyclomaticComplexity="1" sequenceCoverage="0" branchCoverage="0" isConstructor="true" isStatic="false" isGetter="false" isSetter="false">
                            <Summary numSequencePoints="0" visitedSequencePoints="0" numBranchPoints="0" visitedBranchPoints="0" sequenceCoverage="0" branchCoverage="0" maxCyclomaticComplexity="1" minCyclomaticComplexity="1" />
                            <MetadataToken>100663297</MetadataToken>
                            <Name>System.Void OpenCoverTesting.Class1::.ctor()</Name>
                            <SequencePoints />
                            <BranchPoints />
                            <MethodPoint vc="0" uspid="1" ordinal="0" offset="0" />
                        </Method>
                        <Method visited="true" cyclomaticComplexity="1" sequenceCoverage="100" branchCoverage="100" isConstructor="true" isStatic="true" isGetter="false" isSetter="false">
                            <Summary numSequencePoints="1" visitedSequencePoints="1" numBranchPoints="1" visitedBranchPoints="1" sequenceCoverage="100" branchCoverage="100" maxCyclomaticComplexity="1" minCyclomaticComplexity="1" />
                            <MetadataToken>100663298</MetadataToken>
                            <Name>System.Void OpenCoverTesting.Class1::.cctor()</Name>
                            <FileRef uid="1" />
                            <SequencePoints>
                                <SequencePoint vc="1" uspid="2" ordinal="0" offset="0" sl="5" sc="9" el="5" ec="51" bec="0" bev="0" fileid="1" />
                            </SequencePoints>
                            <BranchPoints />
                            <MethodPoint xsi:type="SequencePoint" vc="1" uspid="2" ordinal="0" offset="0" sl="5" sc="9" el="5" ec="51" bec="0" bev="0" fileid="1" />
                        </Method>
                    </Methods>
                </Class>
            </Classes>
        </Module>
        <Module skippedDueTo="Filter" hash="7E-D6-0C-5F-08-95-B3-B7-AE-9C-0F-24-97-E9-46-63-43-CF-F3-C3">
            <FullName>C:\Program Files\Microsoft Visual Studio 12.0\Common7\IDE\CommonExtensions\Microsoft\TestWindow\Extensions\CppUnitFramework\Microsoft.VisualStudio.TestTools.CppUnitTestFramework.TestEngine.dll</FullName>
            <ModuleName>Microsoft.VisualStudio.TestTools.CppUnitTestFramework.TestEngine</ModuleName>
            <Classes />
        </Module>
        <Module skippedDueTo="Filter" hash="49-FB-E6-5F-63-17-3F-47-76-D5-73-EE-00-1C-ED-B8-E9-ED-07-82">
            <FullName>C:\Program Files\Microsoft Visual Studio 12.0\Common7\IDE\CommonExtensions\Microsoft\TestWindow\Extensions\CppUnitFramework\Microsoft.VisualStudio.TestTools.CppUnitTestFramework.Discoverer.dll</FullName>
            <ModuleName>Microsoft.VisualStudio.TestTools.CppUnitTestFramework.Discoverer</ModuleName>
            <Classes />
        </Module>
    </Modules>
</CoverageSession>